<?xml version="1.0" encoding="UTF-8"?>
<!-- Generated by org.testng.reporters.JUnitReportReporter -->
<testsuite hostname="DESKTOP-0P4OACU" failures="0" tests="4" name="execution.AmazonRunnerTest" time="93.459" errors="0" timestamp="2023-09-13T09:01:07 IST" skipped="0">
  <testcase classname="execution.AmazonRunnerTest" name="runScenario" time="39.622"/>
  <system-out/>
  <testcase classname="execution.AmazonRunnerTest" name="runScenario" time="18.905"/>
  <system-out/>
  <testcase classname="execution.AmazonRunnerTest" name="runScenario" time="17.670"/>
  <system-out/>
  <testcase classname="execution.AmazonRunnerTest" name="runScenario" time="17.262"/>
  <system-out/>
</testsuite> <!-- execution.AmazonRunnerTest -->
