<?xml version="1.0" encoding="UTF-8"?>
<!-- Generated by org.testng.reporters.JUnitReportReporter -->
<testsuite hostname="DESKTOP-0P4OACU" failures="0" tests="1" name="runners.LoginWithDataRunner" time="0.186" errors="0" timestamp="2023-09-03T18:27:40 IST" skipped="0">
  <testcase classname="runners.LoginWithDataRunner" name="runScenario" time="0.186"/>
  <system-out/>
</testsuite> <!-- runners.LoginWithDataRunner -->
