<?xml version="1.0" encoding="UTF-8"?>
<!-- Generated by org.testng.reporters.JUnitReportReporter -->
<testsuite hostname="DESKTOP-0P4OACU" failures="0" tests="1" name="runners.LoginWithIntDataRunner" time="0.180" errors="0" timestamp="2023-09-03T19:20:32 IST" skipped="0">
  <testcase classname="runners.LoginWithIntDataRunner" name="runScenario" time="0.180"/>
  <system-out/>
</testsuite> <!-- runners.LoginWithIntDataRunner -->
