<?xml version="1.0" encoding="UTF-8"?>
<!-- Generated by org.testng.reporters.JUnitReportReporter -->
<testsuite hostname="DESKTOP-0P4OACU" failures="0" tests="1" name="runners.LoginRunner" time="0.206" errors="0" timestamp="2023-09-05T22:16:38 IST" skipped="0">
  <testcase classname="runners.LoginRunner" name="runScenario" time="0.206"/>
  <system-out/>
</testsuite> <!-- runners.LoginRunner -->
