<?xml version="1.0" encoding="UTF-8"?>
<!-- Generated by org.testng.reporters.JUnitReportReporter -->
<testsuite hostname="DESKTOP-0P4OACU" failures="0" tests="3" name="runners.OrdersRunner" time="0.247" errors="0" timestamp="2023-09-03T16:37:57 IST" skipped="0">
  <testcase classname="runners.OrdersRunner" name="runScenario" time="0.168"/>
  <system-out/>
  <testcase classname="runners.OrdersRunner" name="runScenario" time="0.026"/>
  <system-out/>
  <testcase classname="runners.OrdersRunner" name="runScenario" time="0.053"/>
  <system-out/>
</testsuite> <!-- runners.OrdersRunner -->
