<?xml version="1.0" encoding="UTF-8"?>
<!-- Generated by org.testng.reporters.JUnitReportReporter -->
<testsuite hostname="DESKTOP-0P4OACU" failures="0" tests="1" name="runners.CampaignsRunner" time="0.201" errors="0" timestamp="2023-09-03T20:41:22 IST" skipped="0">
  <testcase classname="runners.CampaignsRunner" name="runScenario" time="0.201"/>
  <system-out/>
</testsuite> <!-- runners.CampaignsRunner -->
