<?xml version="1.0" encoding="UTF-8"?>
<!-- Generated by org.testng.reporters.JUnitReportReporter -->
<testsuite hostname="DESKTOP-0P4OACU" failures="0" tests="3" name="runners.ProfileRunner" time="0.322" errors="0" timestamp="2023-09-04T09:29:42 IST" skipped="0">
  <testcase classname="runners.ProfileRunner" name="runScenario" time="0.047"/>
  <system-out/>
  <testcase classname="runners.ProfileRunner" name="runScenario" time="0.224"/>
  <system-out/>
  <testcase classname="runners.ProfileRunner" name="runScenario" time="0.051"/>
  <system-out/>
</testsuite> <!-- runners.ProfileRunner -->
