<?xml version="1.0" encoding="UTF-8"?>
<!-- Generated by org.testng.reporters.JUnitReportReporter -->
<testsuite hostname="DESKTOP-0P4OACU" failures="0" tests="3" name="runners.ScenarioOutlineRunner" time="0.251" errors="0" timestamp="2023-09-03T19:24:08 IST" skipped="0">
  <testcase classname="runners.ScenarioOutlineRunner" name="runScenario" time="0.029"/>
  <system-out/>
  <testcase classname="runners.ScenarioOutlineRunner" name="runScenario" time="0.191"/>
  <system-out/>
  <testcase classname="runners.ScenarioOutlineRunner" name="runScenario" time="0.031"/>
  <system-out/>
</testsuite> <!-- runners.ScenarioOutlineRunner -->
