<?xml version="1.0" encoding="UTF-8"?>
<!-- Generated by org.testng.reporters.JUnitReportReporter -->
<testsuite hostname="DESKTOP-0P4OACU" failures="0" tests="1" name="runners.RegistrationRunner" time="0.197" errors="0" timestamp="2023-09-03T19:43:50 IST" skipped="0">
  <testcase classname="runners.RegistrationRunner" name="runScenario" time="0.197"/>
  <system-out/>
</testsuite> <!-- runners.RegistrationRunner -->
